d:\learning\random\simple random generator app\simple random generator app\release\vc140.pdb
d:\learning\random\simple random generator app\simple random generator app\release\myform.obj
d:\learning\random\simple random generator app\simple random generator app\release\.netframework,version=v4.5.2.assemblyattributes.obj
d:\learning\random\simple random generator app\simple random generator app\release\.netframework,version=v4.5.2.assemblyattributes.asm
d:\learning\random\simple random generator app\release\simple random generator app.exe
d:\learning\random\simple random generator app\release\simple random generator app.pdb
d:\learning\random\simple random generator app\release\naudio.dll
d:\learning\random\simple random generator app\release\naudio.xml
d:\learning\random\simple random generator app\simple random generator app\release\simplerandomgeneratorapp.myform.resources
d:\learning\random\simple random generator app\simple random generator app\release\simple random generator app.vcxproj.generateresource.cache
d:\learning\random\simple random generator app\simple random generator app\release\simple r.9b83b911.tlog\cl.command.1.tlog
d:\learning\random\simple random generator app\simple random generator app\release\simple r.9b83b911.tlog\cl.read.1.tlog
d:\learning\random\simple random generator app\simple random generator app\release\simple r.9b83b911.tlog\cl.write.1.tlog
d:\learning\random\simple random generator app\simple random generator app\release\simple r.9b83b911.tlog\link.command.1.tlog
d:\learning\random\simple random generator app\simple random generator app\release\simple r.9b83b911.tlog\link.read.1.tlog
d:\learning\random\simple random generator app\simple random generator app\release\simple r.9b83b911.tlog\link.write.1.tlog
d:\learning\random\simple random generator app\simple random generator app\release\simple r.9b83b911.tlog\metagen.read.1.tlog
d:\learning\random\simple random generator app\simple random generator app\release\simple r.9b83b911.tlog\metagen.write.1.tlog
d:\learning\random\simple random generator app\simple random generator app\release\simple r.9b83b911.tlog\simple random generator app.write.1u.tlog
d:\learning\random\simple random generator app\simple random generator app\release\simple r.9b83b911.tlog\tzres.dll.bi
